[2016.05.24-04.50.24:528][  0]Log file open, 05/23/16 23:50:24
[2016.05.24-04.50.24:528][  0]LogInit:Display: Running engine for game: MyThirdPersonGame
[2016.05.24-04.50.24:529][  0]LogInit:Display: RandInit(-2017327939) SRandInit(-2017327939).
[2016.05.24-04.50.24:529][  0]LogTaskGraph: Started task graph with 4 named threads and 7 total threads.
[2016.05.24-04.50.24:529][  0]LogStats: Stats thread started
[2016.05.24-04.50.24:529][  0]LogInit: Version: 4.8.3-2634408+++depot+UE4-Releases+4.8
[2016.05.24-04.50.24:529][  0]LogInit: API Version: 2579680
[2016.05.24-04.50.24:529][  0]LogInit: Compiled (64-bit): Jul 27 2015 16:24:33
[2016.05.24-04.50.24:529][  0]LogInit: Compiled with Visual C++: 18.00.21005.01
[2016.05.24-04.50.24:529][  0]LogInit: Build Configuration: Development
[2016.05.24-04.50.24:529][  0]LogInit: Branch Name: ++depot+UE4-Releases+4.8
[2016.05.24-04.50.24:529][  0]LogInit: Command line: -EpicPortal 
[2016.05.24-04.50.24:529][  0]LogInit: Base directory: D:/The_Workshop/Tools/Epic Games/4.8/Engine/Binaries/Win64/
[2016.05.24-04.50.24:529][  0]LogInit: Rocket: 1
[2016.05.24-04.50.24:537][  0]LogInit: Using libcurl 7.41.0
[2016.05.24-04.50.24:537][  0]LogInit:  - built for x86_64-pc-win32
[2016.05.24-04.50.24:537][  0]LogInit:  - supports SSL with WinSSL
[2016.05.24-04.50.24:537][  0]LogInit:  - other features:
[2016.05.24-04.50.24:537][  0]LogInit:      CURL_VERSION_SSL
[2016.05.24-04.50.24:537][  0]LogInit:      CURL_VERSION_IPV6
[2016.05.24-04.50.24:537][  0]LogInit:      CURL_VERSION_ASYNCHDNS
[2016.05.24-04.50.24:537][  0]LogInit:      CURL_VERSION_LARGEFILE
[2016.05.24-04.50.24:537][  0]LogInit:      CURL_VERSION_IDN
[2016.05.24-04.50.24:537][  0]LogInit:  CurlRequestOptions (configurable via config and command line):
[2016.05.24-04.50.24:537][  0]LogInit:  - bVerifyPeer = true  - Libcurl will verify peer certificate
[2016.05.24-04.50.24:537][  0]LogInit:  - bUseHttpProxy = false  - Libcurl will NOT use HTTP proxy
[2016.05.24-04.50.24:537][  0]LogInit:  - bDontReuseConnections = false  - Libcurl will reuse connections
[2016.05.24-04.50.24:537][  0]LogInit:  - CertBundlePath = nullptr  - Libcurl will use whatever was configured at build time.
[2016.05.24-04.50.24:543][  0]LogOnline:Warning: No default platform service specified for OnlineSubsystem
[2016.05.24-04.50.24:553][  0]LogInit: Presizing for 0 objects not considered by GC, pre-allocating 0 bytes.
[2016.05.24-04.50.24:558][  0]LogInit: Object subsystem initialized
[2016.05.24-04.50.24:559][  0]LogConsoleResponse:Warning: Skipping Unknown console variable: 'TranslucentSortAxis = (X=0.000000,Y=-1.000000,Z=0.000000)'
[2016.05.24-04.50.24:559][  0]LogConsoleResponse:Warning:   Found in ini file 'D:/The_Workshop/Code_Bench/Unreal_Projects/MyThirdPersonGame/Saved/Config/Windows/Engine.ini', in section '[/Script/Engine.RendererSettings]'
[2016.05.24-04.50.24:559][  0]LogConsoleResponse:Warning: Skipping Unknown console variable: 'UIScaleRule = ShortestSide'
[2016.05.24-04.50.24:559][  0]LogConsoleResponse:Warning:   Found in ini file 'D:/The_Workshop/Code_Bench/Unreal_Projects/MyThirdPersonGame/Saved/Config/Windows/Engine.ini', in section '[/Script/Engine.RendererSettings]'
[2016.05.24-04.50.24:559][  0]LogConsoleResponse:Warning: Skipping Unknown console variable: 'UIScaleCurve = (EditorCurveData=(Keys=),ExternalCurve=None)'
[2016.05.24-04.50.24:559][  0]LogConsoleResponse:Warning:   Found in ini file 'D:/The_Workshop/Code_Bench/Unreal_Projects/MyThirdPersonGame/Saved/Config/Windows/Engine.ini', in section '[/Script/Engine.RendererSettings]'
[2016.05.24-04.50.24:559][  0]LogInit: Selected Device Profile: [Windows]
[2016.05.24-04.50.24:559][  0]LogInit: Applying CVar settings loaded from the selected device profile: [Windows]
[2016.05.24-04.50.24:568][  0]LogInit: Computer: DESKTOP-SUFJCB9
[2016.05.24-04.50.24:568][  0]LogInit: User: KevinLe
[2016.05.24-04.50.24:568][  0]LogInit: CPU Page size=4096, Cores=4
[2016.05.24-04.50.24:568][  0]LogInit: High frequency timer resolution =3.906247 MHz
[2016.05.24-04.50.24:568][  0]LogMemory: Memory total: Physical=15.9GB (16GB approx)
[2016.05.24-04.50.24:568][  0]LogMemory: Platform Memory Stats for Windows
[2016.05.24-04.50.24:568][  0]LogMemory: Process Physical Memory: 49.70 MB used, 49.70 MB peak
[2016.05.24-04.50.24:568][  0]LogMemory: Process Virtual Memory: 24.70 MB used, 24.70 MB peak
[2016.05.24-04.50.24:568][  0]LogMemory: Physical Memory: 5722.04 MB used, 16332.49 MB total
[2016.05.24-04.50.24:568][  0]LogMemory: Virtual Memory: 317.18 MB used, 134217728.00 MB total
[2016.05.24-04.50.24:592][  0]LogTextLocalizationManager: The requested culture ('en_US') has no localization data; parent culture's ('en') localization data will be used.
[2016.05.24-04.50.24:757][  0]LogTextLocalizationManager:Warning: Loaded localization resources contain conflicting entries for (Namespace:ContentBrowser, Key:ImportAssetToolTip):
Localization Resource: (D:/The_Workshop/Tools/Epic Games/4.8/Engine/Content/Localization/Editor/en/Editor.locres) Source String Hash: (-630476809) Localized String: (Import to {0}...)
Localization Resource: (D:/The_Workshop/Tools/Epic Games/4.8/Engine/Content/Localization/Editor/en/Editor.locres) Source String Hash: (1271782899) Localized String: (Imports an asset from file to this folder.)
[2016.05.24-04.50.25:148][  0]LogD3D11RHI: Found D3D11 adapter 0: NVIDIA GeForce GTX 970 (Feature Level 11_0)
[2016.05.24-04.50.25:148][  0]LogD3D11RHI: Adapter has 4008MB of dedicated video memory, 0MB of dedicated system memory, and 8166MB of shared system memory, 1 output[s]
[2016.05.24-04.50.25:151][  0]LogD3D11RHI: Found D3D11 adapter 1: Microsoft Basic Render Driver (Feature Level 11_0)
[2016.05.24-04.50.25:151][  0]LogD3D11RHI: Adapter has 0MB of dedicated video memory, 0MB of dedicated system memory, and 8166MB of shared system memory, 0 output[s]
[2016.05.24-04.50.25:151][  0]LogD3D11RHI: Chosen D3D11 Adapter Id = 0
[2016.05.24-04.50.25:157][  0]LogD3D11RHI: InitD3DDevice
[2016.05.24-04.50.25:157][  0]LogD3D11RHI: !Direct3DDevice
[2016.05.24-04.50.25:157][  0]LogRHI: Texture pool is 1361 MB (70% of 1945 MB)
[2016.05.24-04.50.25:173][  0]LogD3D11RHI: Async texture creation enabled
[2016.05.24-04.50.25:189][  0]LogShaderCompilers:Display: Using Local Shader Compiler.
[2016.05.24-04.50.25:781][  0]LogTemp:Display: Loaded TP DesktopTargetPlatform
[2016.05.24-04.50.25:791][  0]LogTemp:Display: Loaded TP WindowsClientTargetPlatform
[2016.05.24-04.50.25:803][  0]LogTemp:Display: Loaded TP WindowsNoEditorTargetPlatform
[2016.05.24-04.50.25:812][  0]LogTemp:Display: Loaded TP WindowsServerTargetPlatform
[2016.05.24-04.50.25:821][  0]LogTemp:Display: Loaded TP WindowsTargetPlatform
[2016.05.24-04.50.25:829][  0]LogTemp:Display: Loaded TP AndroidTargetPlatform
[2016.05.24-04.50.25:836][  0]LogTemp:Display: Loaded TP Android_ASTCTargetPlatform
[2016.05.24-04.50.25:843][  0]LogTemp:Display: Loaded TP Android_ATCTargetPlatform
[2016.05.24-04.50.25:850][  0]LogTemp:Display: Loaded TP Android_DXTTargetPlatform
[2016.05.24-04.50.25:857][  0]LogTemp:Display: Loaded TP Android_ETC1TargetPlatform
[2016.05.24-04.50.25:864][  0]LogTemp:Display: Loaded TP Android_ETC2TargetPlatform
[2016.05.24-04.50.25:871][  0]LogTemp:Display: Loaded TP Android_PVRTCTargetPlatform
[2016.05.24-04.50.25:903][  0]LogTemp:Display: Loaded TP IOSTargetPlatform
[2016.05.24-04.50.25:911][  0]LogTemp:Display: Loaded TP LinuxNoEditorTargetPlatform
[2016.05.24-04.50.25:918][  0]LogTemp:Display: Loaded TP LinuxServerTargetPlatform
[2016.05.24-04.50.25:927][  0]LogTemp:Display: Loaded TP LinuxTargetPlatform
[2016.05.24-04.50.25:927][  0]LogTargetPlatformManager:Display: Building Assets For Windows
[2016.05.24-04.50.26:041][  0]LogDerivedDataCache:Display: Max Cache Size: 512 MB
[2016.05.24-04.50.26:084][  0]LogDerivedDataCache: Loaded boot cache 0.04s 53MB C:/Users/Kevin Le/AppData/Local/UnrealEngine/4.8/DerivedDataCache/Boot.ddc.
[2016.05.24-04.50.26:084][  0]LogDerivedDataCache:Display: Loaded Boot cache: C:/Users/Kevin Le/AppData/Local/UnrealEngine/4.8/DerivedDataCache/Boot.ddc
[2016.05.24-04.50.26:084][  0]LogDerivedDataCache: FDerivedDataBackendGraph:  Pak pak cache file ../../../../../../Code_Bench/Unreal_Projects/MyThirdPersonGame/DerivedDataCache/DDC.ddp not found, will not use a pak cache.
[2016.05.24-04.50.26:084][  0]LogDerivedDataCache: Unable to find inner node Pak for hierarchical cache Hierarchy.
[2016.05.24-04.50.26:084][  0]LogDerivedDataCache: FDerivedDataBackendGraph:  CompressedPak pak cache file ../../../../../../Code_Bench/Unreal_Projects/MyThirdPersonGame/DerivedDataCache/Compressed.ddp not found, will not use a pak cache.
[2016.05.24-04.50.26:084][  0]LogDerivedDataCache: Unable to find inner node CompressedPak for hierarchical cache Hierarchy.
[2016.05.24-04.50.26:191][  0]LogDerivedDataCache:Display: Pak cache opened for reading ../../../Engine/DerivedDataCache/Compressed.ddp.
[2016.05.24-04.50.26:203][  0]LogDerivedDataCache: Using Local data cache path C:/Users/Kevin Le/AppData/Local/UnrealEngine/Common/DerivedDataCache: Writable
[2016.05.24-04.50.26:354][  0]LogInit: Selected Device Profile: [Windows]
[2016.05.24-04.50.26:416][  0]ImportText (ComponentSweepMultiTests): Missing closing parenthesis: (RootShapeAsset="/Engine/BasicShapes/Cube.Cube",ShapeType="TriggerCapsule",HitResult=(Time=0.50,Location=(X=-100.000015,Y=0.0,Z=100.000015),ImpactPoint=(X=-50.0,Y=0.0,Z=50.0),Normal=(X=-1.0,Y=-0.0,Z=0.0),ImpactNormal=(X=0.0,Y=0.0,Z=1.0),TraceStart=(X=-200.0,Y=0.0,Z=200.0),TraceEnd=(X=0.0,Y=0.0,Z=0.0))
[2016.05.24-04.50.26:417][  0]ImportText (LineTraceSingleByChannelTests): Missing closing parenthesis: (RootShapeAsset="/Engine/BasicShapes/Cube.Cube",HitResult=(Time=0.50,Location=(X=-100.000015,Y=0.0,Z=100.000015),ImpactPoint=(X=-50.0,Y=0.0,Z=50.0),Normal=(X=-1.0,Y=-0.0,Z=0.0),ImpactNormal=(X=0.0,Y=0.0,Z=1.0),TraceStart=(X=-200.0,Y=0.0,Z=200.0),TraceEnd=(X=0.0,Y=0.0,Z=0.0))
[2016.05.24-04.50.26:432][  0]LogMeshUtilities: No automatic mesh reduction module available
[2016.05.24-04.50.26:432][  0]LogMeshUtilities: No automatic mesh merging module available
[2016.05.24-04.50.26:656][  0]LogInit: WinSock: version 1.1 (2.2), MaxSocks=32767, MaxUdp=65467
[2016.05.24-04.50.27:337][  0]UdpMessaging: Initializing bridge on interface 0.0.0.0:0 to multicast group 230.0.0.1:6666.
[2016.05.24-04.50.27:560][  0]SourceControl: Info Source control is disabled
[2016.05.24-04.50.27:560][  0]SourceControl: Info Source control is disabled
[2016.05.24-04.50.27:566][  0]SourceControl: Info Source control is disabled
[2016.05.24-04.50.27:571][  0]SourceControl: Info Source control is disabled
[2016.05.24-04.50.27:699][  0]LogObj: 26273 objects as part of root set at end of initial load.
[2016.05.24-04.50.27:699][  0]LogUObjectAllocator: 5409248 out of 0 bytes used by permanent object pool.
[2016.05.24-04.50.27:748][  0]LogEngine: Initializing Engine...
[2016.05.24-04.50.27:750][  0]LogHMD: Can't find Oculus library dev build: is proper Runtime installed? Version: 0.6.0.0
[2016.05.24-04.50.27:751][  0]LogHMD:Warning: SteamVR failed to initialize.  Error: 110
[2016.05.24-04.50.27:847][  0]LogAIModule: Creating AISystem for world NewWorld
[2016.05.24-04.50.27:855][  0]LogInit: XAudio2 using 'Speakers (Realtek High Definition Audio)' : 8 channels at 48 kHz using 32 bits per sample (channel mask 0x63f)
[2016.05.24-04.50.27:864][  0]LogInit: FAudioDevice initialized.
[2016.05.24-04.50.27:887][  0]LogDerivedDataCache: Saved boot cache 0.02s 53MB C:/Users/Kevin Le/AppData/Local/UnrealEngine/4.8/DerivedDataCache/Boot.ddc.
[2016.05.24-04.50.27:893][  0]LogInit: Texture streaming: Disabled
[2016.05.24-04.50.27:907][  0]LogAnalytics: Creating configured Analytics provider AnalyticsET
[2016.05.24-04.50.27:907][  0]LogAnalytics: [UEEditor.Rocket.Release] APIServer = http://et2.epicgames.com/ET2/. AppVersion = 4.8.3-2634408+++depot+UE4-Releases+4.8
[2016.05.24-04.50.27:907][  0]LogAnalytics: [UEEditor.Rocket.Release] SetUserId 4b385b084a21c227b6d9fc9853b65920|dcdb00aca59c44be8181853c840a3048|b0656afe-ed2b-43b5-89c1-c12fe19c6f02
[2016.05.24-04.50.27:907][  0]LogAnalytics: [UEEditor.Rocket.Release] AnalyticsET::StartSession
[2016.05.24-04.50.27:940][  0]LogInit: Transaction tracking system initialized
[2016.05.24-04.50.28:015][  0]BlueprintLog: New page: Editor Load
[2016.05.24-04.50.28:045][  0]LogAssetRegistry: FAssetRegistry took 0.0107 seconds to start up
[2016.05.24-04.50.28:045][  0]LogDirectoryWatcher:Warning: Failed to begin reading directory changes for ../../../Engine/Plugins/Experimental/CharacterAI/Content/. Error: 0
[2016.05.24-04.50.28:417][  0]LogConsoleManager:Warning: Console variable 'r.VSync' wasn't set ('GameSetting' has a lower priority than 'SystemSettingsIni')
[2016.05.24-04.50.28:418][  0]LogConsoleResponse:Display: 
[2016.05.24-04.50.28:523][  0]LogCook:Display: Done creating registry. It took  0.00s.
[2016.05.24-04.50.28:619][  0]SourceControl: Info Source control is disabled
[2016.05.24-04.50.28:620][  0]Cmd: MAP LOAD FILE="../../../../../../Code_Bench/Unreal_Projects/MyThirdPersonGame/Content/StarterContent/Maps/Minimal_Default.umap" TEMPLATE=0 SHOWPROGRESS=1 FEATURELEVEL=3
[2016.05.24-04.50.28:651][  0]LightingResults: New page: Lighting Build
[2016.05.24-04.50.28:659][  0]MapCheck: New page: Map Check
[2016.05.24-04.50.28:659][  0]LightingResults: New page: Lighting Build
[2016.05.24-04.50.28:668][  0]LogParticles: Destroying 0 GPU particle simulations for FXSystem 0x00000156129A9300
[2016.05.24-04.50.30:226][  0]LogMaterial: Missing cached shader map for material Character_Parent, compiling. 
[2016.05.24-04.50.30:340][  0]LogTexture:Display: Building textures: HQ_Lightmap0_2 (AutoDXT)
[2016.05.24-04.50.30:409][  0]LogTexture:Display: Building textures: HQ_Lightmap1_1 (AutoDXT)
[2016.05.24-04.50.30:465][  0]LogTexture:Display: Building textures: LQ_Lightmap_0_2 (DXT1)
[2016.05.24-04.50.30:472][  0]LogTexture:Display: Building textures: LQ_Lightmap_1_1 (DXT1)
[2016.05.24-04.50.30:510][  0]LogTexture:Display: Building textures: ShadowMapTexture2D_1 (BGRA8)
[2016.05.24-04.50.30:515][  0]LogTexture:Display: Building textures: ShadowMapTexture2D_2 (BGRA8)
[2016.05.24-04.50.30:529][  0]LogAIModule: Creating AISystem for world Minimal_Default
[2016.05.24-04.50.30:591][  0]LogEditorServer: Finished looking for orphan Actors (0.000 secs)
[2016.05.24-04.50.30:595][  0]Cmd: MAP CHECKDEP NOCLEARLOG
[2016.05.24-04.50.30:628][  0]MapCheck: Info Map check complete: 0 Error(s), 0 Warning(s), took 33.496ms to complete.
[2016.05.24-04.50.30:628][  0]LogFileHelpers: Loading map 'Minimal_Default' took 2.009
[2016.05.24-04.50.31:061][  0]LogCollectionManager: Loaded 0 collections in 0.001103 seconds
[2016.05.24-04.50.31:073][  0]LogContentBrowser: Native class hierarchy populated in 0.0111 seconds. Added 1792 classes and 301 folders.
[2016.05.24-04.50.31:411][  0]LogContentBrowser: Native class hierarchy updated for 'WidgetCarousel' in 0.0005 seconds. Added 0 classes and 0 folders.
[2016.05.24-04.50.31:714][  0]LogContentBrowser: Native class hierarchy updated for 'AddContentDialog' in 0.0005 seconds. Added 0 classes and 0 folders.
[2016.05.24-04.50.31:747][  0]LogContentBrowser: Native class hierarchy updated for 'SceneOutliner' in 0.0005 seconds. Added 1 classes and 2 folders.
[2016.05.24-04.50.32:091][  0]LogCrashTracker: Crashtracker disabled due to settings.
[2016.05.24-04.50.32:159][  0]LogD3D11RHI: InitD3DDevice
[2016.05.24-04.50.32:185][  0]LogD3D11RHI: InitD3DDevice
[2016.05.24-04.50.32:257][  0]LogLoad: Full Startup: 8.97 seconds (BP compile: 0.26 seconds)
[2016.05.24-04.50.32:591][  0]LogWindowsTextInputMethodSystem:Display: IME system now deactivated.
[2016.05.24-04.50.32:806][  0]LogContentStreaming: Texture pool size is 0.000000MB
[2016.05.24-04.50.32:855][  0]LogContentStreaming: Texture pool size now 1000 MB
[2016.05.24-04.50.33:315][  0]LogRenderer: Reallocating scene render targets to support 1200x592 (Frame:2).
[2016.05.24-04.50.35:816][ 10]LogAssetRegistry: Asset discovery search completed in 7.7815 seconds
[2016.05.24-04.50.36:241][ 42]LogD3D11RHI: InitD3DDevice
[2016.05.24-04.50.36:748][ 99]LogPlayLevel: PIE:  No blueprints needed recompiling
[2016.05.24-04.50.36:895][ 99]PIE: New page: PIE session: Minimal_Default (May 23, 2016, 6:50:36 PM)
[2016.05.24-04.50.36:896][ 99]LogPlayLevel: Creating play world package: /Game/StarterContent/Maps/UEDPIE_0_Minimal_Default
[2016.05.24-04.50.36:910][ 99]LogPlayLevel: PIE: StaticDuplicateObject took: (0.014127s)
[2016.05.24-04.50.36:923][ 99]LogAIModule: Creating AISystem for world Minimal_Default
[2016.05.24-04.50.36:925][ 99]LogPlayLevel: PIE: World Init took: (0.003150s)
[2016.05.24-04.50.36:934][ 99]LogPlayLevel: PIE: Created PIE world by copying editor world from /Game/StarterContent/Maps/Minimal_Default.Minimal_Default to /Game/StarterContent/Maps/UEDPIE_0_Minimal_Default.Minimal_Default (0.038315s)
[2016.05.24-04.50.36:934][ 99]LogActorComponent: UnregisterComponent: (/Engine/Transient.CharMoveComp) Not registered. Aborting.
[2016.05.24-04.50.37:034][ 99]LogInit: XAudio2 using 'Speakers (Realtek High Definition Audio)' : 8 channels at 48 kHz using 32 bits per sample (channel mask 0x63f)
[2016.05.24-04.50.37:041][ 99]LogInit: FAudioDevice initialized.
[2016.05.24-04.50.37:107][ 99]LogWorld: Game class is 'MyGame_C'
[2016.05.24-04.50.37:146][ 99]LogWorld: Bringing World /Game/StarterContent/Maps/UEDPIE_0_Minimal_Default.Minimal_Default up for play (max tick rate 0) at 2016.05.23-23.50.37
[2016.05.24-04.50.37:146][ 99]LogActor:Warning: GameSession /Game/StarterContent/Maps/UEDPIE_0_Minimal_Default.Minimal_Default:PersistentLevel.GameSession_0 has natively added scene component(s), but none of them were set as the actor's RootComponent - picking one arbitrarily
[2016.05.24-04.50.37:154][ 99]LogActor:Warning: GameNetworkManager /Game/StarterContent/Maps/UEDPIE_0_Minimal_Default.Minimal_Default:PersistentLevel.GameNetworkManager_0 has natively added scene component(s), but none of them were set as the actor's RootComponent - picking one arbitrarily
[2016.05.24-04.50.37:154][ 99]LogWorld: Bringing up level for play took: 0.012817
[2016.05.24-04.50.37:293][ 99]PIE: Info Play in editor start time for /Game/StarterContent/Maps/UEDPIE_0_Minimal_Default 0.022
[2016.05.24-04.50.41:433][576]LogParticles: Destroying 0 GPU particle simulations for FXSystem 0x000001561ADF77E0
[2016.05.24-04.50.42:856][734]LogWindowsTextInputMethodSystem:Display: IME system now deactivated.
[2016.05.24-04.50.43:125][735]Cmd: QUIT_EDITOR
[2016.05.24-04.50.44:036][735]LogExit: Preparing to exit.
[2016.05.24-04.50.44:430][735]LogExit: Editor shut down
[2016.05.24-04.50.44:430][735]LogExit: Transaction tracking system shut down
[2016.05.24-04.50.44:432][735]LogParticles: Destroying 0 GPU particle simulations for FXSystem 0x000001561955D120
[2016.05.24-04.50.44:432][735]LogParticles: Destroying 0 GPU particle simulations for FXSystem 0x0000015620D92660
[2016.05.24-04.50.44:432][735]LogParticles: Destroying 0 GPU particle simulations for FXSystem 0x00000156151DD620
[2016.05.24-04.50.44:432][735]LogParticles: Destroying 0 GPU particle simulations for FXSystem 0x0000015614F8E3E0
[2016.05.24-04.50.44:433][735]LogParticles: Destroying 0 GPU particle simulations for FXSystem 0x0000015614F8E2A0
[2016.05.24-04.50.44:433][735]LogParticles: Destroying 0 GPU particle simulations for FXSystem 0x0000015614FBF4C0
[2016.05.24-04.50.44:534][735]LogExit: Object subsystem successfully closed.
[2016.05.24-04.50.44:553][735]LogD3D11RHI: Shutdown
[2016.05.24-04.50.44:553][735]LogD3D11RHI: CleanupD3DDevice
[2016.05.24-04.50.44:588][735]LogD3D11RHI: ~FD3D11DynamicRHI
[2016.05.24-04.50.44:600][735]LogModuleManager: Shutting down and abandoning module CrashTracker (188)
[2016.05.24-04.50.44:600][735]LogModuleManager: Shutting down and abandoning module SceneOutliner (187)
[2016.05.24-04.50.44:600][735]LogModuleManager: Shutting down and abandoning module SuperSearch (186)
[2016.05.24-04.50.44:600][735]LogModuleManager: Shutting down and abandoning module WidgetCarousel (185)
[2016.05.24-04.50.44:600][735]LogModuleManager: Shutting down and abandoning module AddContentDialog (184)
[2016.05.24-04.50.44:608][735]LogModuleManager: Shutting down and abandoning module EditorWidgets (183)
[2016.05.24-04.50.44:608][735]LogModuleManager: Shutting down and abandoning module CollectionManager (182)
[2016.05.24-04.50.44:608][735]LogModuleManager: Shutting down and abandoning module StatsViewer (181)
[2016.05.24-04.50.44:608][735]LogModuleManager: Shutting down and abandoning module FoliageEdit (180)
[2016.05.24-04.50.44:608][735]LogModuleManager: Shutting down and abandoning module LandscapeEditor (179)
[2016.05.24-04.50.44:608][735]LogModuleManager: Shutting down and abandoning module ActorPickerMode (178)
[2016.05.24-04.50.44:608][735]LogModuleManager: Shutting down and abandoning module GeometryMode (177)
[2016.05.24-04.50.44:608][735]LogModuleManager: Shutting down and abandoning module TextureAlignMode (176)
[2016.05.24-04.50.44:608][735]LogModuleManager: Shutting down and abandoning module BspMode (175)
[2016.05.24-04.50.44:608][735]LogModuleManager: Shutting down and abandoning module PlacementMode (174)
[2016.05.24-04.50.44:608][735]LogModuleManager: Shutting down and abandoning module AutomationWorker (173)
[2016.05.24-04.50.44:608][735]LogModuleManager: Shutting down and abandoning module CharacterAI (172)
[2016.05.24-04.50.44:608][735]LogModuleManager: Shutting down and abandoning module SmartSnapping (171)
[2016.05.24-04.50.44:608][735]LogModuleManager: Shutting down and abandoning module ViewportSnapping (170)
[2016.05.24-04.50.44:608][735]LogModuleManager: Shutting down and abandoning module LogVisualizer (169)
[2016.05.24-04.50.44:608][735]LogModuleManager: Shutting down and abandoning module GameProjectGeneration (168)
[2016.05.24-04.50.44:608][735]LogModuleManager: Shutting down and abandoning module IntroTutorials (167)
[2016.05.24-04.50.44:608][735]LogModuleManager: Shutting down and abandoning module EditorLiveStreaming (166)
[2016.05.24-04.50.44:608][735]LogModuleManager: Shutting down and abandoning module IOSPlatformEditor (165)
[2016.05.24-04.50.44:608][735]LogModuleManager: Shutting down and abandoning module HTML5PlatformEditor (164)
[2016.05.24-04.50.44:609][735]LogModuleManager: Shutting down and abandoning module AndroidDeviceDetection (163)
[2016.05.24-04.50.45:328][735]LogModuleManager: Shutting down and abandoning module AndroidPlatformEditor (162)
[2016.05.24-04.50.45:328][735]LogModuleManager: Shutting down and abandoning module IOSRuntimeSettings (161)
[2016.05.24-04.50.45:328][735]LogModuleManager: Shutting down and abandoning module AndroidRuntimeSettings (160)
[2016.05.24-04.50.45:328][735]LogModuleManager: Shutting down and abandoning module MergeActors (159)
[2016.05.24-04.50.45:328][735]LogModuleManager: Shutting down and abandoning module SizeMap (158)
[2016.05.24-04.50.45:328][735]LogModuleManager: Shutting down and abandoning module TreeMap (157)
[2016.05.24-04.50.45:328][735]LogModuleManager: Shutting down and abandoning module ReferenceViewer (156)
[2016.05.24-04.50.45:328][735]LogModuleManager: Shutting down and abandoning module LocalizationDashboard (155)
[2016.05.24-04.50.45:328][735]LogModuleManager: Shutting down and abandoning module HardwareTargeting (154)
[2016.05.24-04.50.45:328][735]LogModuleManager: Shutting down and abandoning module DeviceProfileEditor (153)
[2016.05.24-04.50.45:328][735]LogModuleManager: Shutting down and abandoning module UndoHistory (152)
[2016.05.24-04.50.45:328][735]LogModuleManager: Shutting down and abandoning module GameplayTagsEditor (151)
[2016.05.24-04.50.45:328][735]LogModuleManager: Shutting down and abandoning module UserFeedback (150)
[2016.05.24-04.50.45:328][735]LogModuleManager: Shutting down and abandoning module XmlParser (149)
[2016.05.24-04.50.45:328][735]LogModuleManager: Shutting down and abandoning module Blutility (148)
[2016.05.24-04.50.45:328][735]LogModuleManager: Shutting down and abandoning module ProjectTargetPlatformEditor (147)
[2016.05.24-04.50.45:328][735]LogModuleManager: Shutting down and abandoning module ProjectSettingsViewer (146)
[2016.05.24-04.50.45:328][735]LogModuleManager: Shutting down and abandoning module InputBindingEditor (145)
[2016.05.24-04.50.45:328][735]LogModuleManager: Shutting down and abandoning module EditorSettingsViewer (144)
[2016.05.24-04.50.45:328][735]LogModuleManager: Shutting down and abandoning module SettingsEditor (143)
[2016.05.24-04.50.45:328][735]LogModuleManager: Shutting down and abandoning module ProjectLauncher (142)
[2016.05.24-04.50.45:328][735]LogModuleManager: Shutting down and abandoning module SessionFrontend (141)
[2016.05.24-04.50.45:328][735]LogModuleManager: Shutting down and abandoning module ProfilerClient (140)
[2016.05.24-04.50.45:328][735]LogModuleManager: Shutting down and abandoning module TargetDeviceServices (139)
[2016.05.24-04.50.45:328][735]LogModuleManager: Shutting down and abandoning module DeviceManager (138)
[2016.05.24-04.50.45:329][735]LogModuleManager: Shutting down and abandoning module AutomationController (137)
[2016.05.24-04.50.45:329][735]LogModuleManager: Shutting down and abandoning module AutomationWindow (136)
[2016.05.24-04.50.45:329][735]LogModuleManager: Shutting down and abandoning module Layers (135)
[2016.05.24-04.50.45:329][735]LogModuleManager: Shutting down and abandoning module ComponentVisualizers (134)
[2016.05.24-04.50.45:329][735]LogModuleManager: Shutting down and abandoning module DetailCustomizations (133)
[2016.05.24-04.50.45:329][735]LogModuleManager: Shutting down and abandoning module PackagesDialog (132)
[2016.05.24-04.50.45:329][735]LogModuleManager: Shutting down and abandoning module AssetRegistry (131)
[2016.05.24-04.50.45:449][735]LogModuleManager: Shutting down and abandoning module Persona (130)
[2016.05.24-04.50.45:449][735]LogModuleManager: Shutting down and abandoning module Kismet (129)
[2016.05.24-04.50.45:449][735]LogModuleManager: Shutting down and abandoning module GraphEditor (128)
[2016.05.24-04.50.45:449][735]LogModuleManager: Shutting down and abandoning module ClassViewer (127)
[2016.05.24-04.50.45:449][735]LogModuleManager: Shutting down and abandoning module Toolbox (126)
[2016.05.24-04.50.45:449][735]LogModuleManager: Shutting down and abandoning module ModuleUI (125)
[2016.05.24-04.50.45:449][735]LogModuleManager: Shutting down and abandoning module MovieSceneTools (124)
[2016.05.24-04.50.45:449][735]LogModuleManager: Shutting down and abandoning module OutputLog (123)
[2016.05.24-04.50.45:449][735]LogModuleManager: Shutting down and abandoning module GammaUI (122)
[2016.05.24-04.50.45:449][735]LogModuleManager: Shutting down and abandoning module Documentation (121)
[2016.05.24-04.50.45:449][735]LogModuleManager: Shutting down and abandoning module GameLiveStreaming (120)
[2016.05.24-04.50.45:449][735]LogModuleManager: Shutting down and abandoning module StreamingPauseRendering (119)
[2016.05.24-04.50.45:449][735]LogModuleManager: Shutting down and abandoning module AnalyticsET (118)
[2016.05.24-04.50.45:449][735]LogModuleManager: Shutting down and abandoning module Analytics (117)
[2016.05.24-04.50.45:449][735]LogModuleManager: Shutting down and abandoning module AITestSuite (116)
[2016.05.24-04.50.45:449][735]LogModuleManager: Shutting down and abandoning module GameplayDebugger (115)
[2016.05.24-04.50.45:449][735]LogModuleManager: Shutting down and abandoning module AIModule (114)
[2016.05.24-04.50.45:449][735]LogModuleManager: Shutting down and abandoning module ProfilerService (113)
[2016.05.24-04.50.45:481][735]LogModuleManager: Shutting down and abandoning module TaskGraph (112)
[2016.05.24-04.50.45:481][735]LogModuleManager: Shutting down and abandoning module SlateRemote (111)
[2016.05.24-04.50.45:481][735]LogModuleManager: Shutting down and abandoning module SteamVRController (110)
[2016.05.24-04.50.45:481][735]LogModuleManager: Shutting down and abandoning module SteamVR (109)
[2016.05.24-04.50.45:481][735]LogModuleManager: Shutting down and abandoning module ProceduralMeshComponent (108)
[2016.05.24-04.50.45:481][735]LogModuleManager: Shutting down and abandoning module OculusRift (107)
[2016.05.24-04.50.45:481][735]LogModuleManager: Shutting down and abandoning module LeapMotionController (106)
[2016.05.24-04.50.45:494][735]LogModuleManager: Shutting down and abandoning module CustomMeshComponent (105)
[2016.05.24-04.50.45:495][735]LogModuleManager: Shutting down and abandoning module CableComponent (104)
[2016.05.24-04.50.45:495][735]LogModuleManager: Shutting down and abandoning module MessagingDebugger (103)
[2016.05.24-04.50.45:495][735]LogModuleManager: Shutting down and abandoning module MediaPlayerEditor (102)
[2016.05.24-04.50.45:495][735]LogModuleManager: Shutting down and abandoning module SpeedTreeImporter (101)
[2016.05.24-04.50.45:495][735]LogModuleManager: Shutting down and abandoning module PluginBrowser (100)
[2016.05.24-04.50.45:495][735]LogModuleManager: Shutting down and abandoning module EpicSurvey (99)
[2016.05.24-04.50.45:495][735]LogModuleManager: Shutting down and abandoning module DesktopPlatform (98)
[2016.05.24-04.50.45:495][735]LogModuleManager: Shutting down and abandoning module VisualStudioSourceCodeAccess (97)
[2016.05.24-04.50.45:495][735]LogModuleManager: Shutting down and abandoning module UObjectPlugin (96)
[2016.05.24-04.50.45:495][735]LogModuleManager: Shutting down and abandoning module SubversionSourceControl (95)
[2016.05.24-04.50.45:495][735]LogModuleManager: Shutting down and abandoning module PerforceSourceControl (94)
[2016.05.24-04.50.45:495][735]LogModuleManager: Shutting down and abandoning module SourceControl (93)
[2016.05.24-04.50.45:495][735]LogModuleManager: Shutting down and abandoning module GitSourceControl (92)
[2016.05.24-04.50.45:495][735]LogModuleManager: Shutting down and abandoning module BlankPlugin (91)
[2016.05.24-04.50.45:495][735]LogModuleManager: Shutting down and abandoning module PaperTiledImporter (90)
[2016.05.24-04.50.45:495][735]LogModuleManager: Shutting down and abandoning module PaperSpriteSheetImporter (89)
[2016.05.24-04.50.45:495][735]LogModuleManager: Shutting down and abandoning module MeshPaint (88)
[2016.05.24-04.50.45:495][735]LogModuleManager: Shutting down and abandoning module SlateReflector (87)
[2016.05.24-04.50.45:495][735]LogModuleManager: Shutting down and abandoning module DirectoryWatcher (86)
[2016.05.24-04.50.45:495][735]LogModuleManager: Shutting down and abandoning module HotReload (85)
[2016.05.24-04.50.45:495][735]LogModuleManager: Shutting down and abandoning module MainFrame (84)
[2016.05.24-04.50.45:495][735]LogModuleManager: Shutting down and abandoning module LevelEditor (83)
[2016.05.24-04.50.45:496][735]LogModuleManager: Shutting down and abandoning module ContentBrowser (82)
[2016.05.24-04.50.45:496][735]LogModuleManager: Shutting down and abandoning module Paper2DEditor (81)
[2016.05.24-04.50.45:496][735]LogModuleManager: Shutting down and abandoning module UdpMessaging (80)
[2016.05.24-04.50.45:596][735]LogModuleManager: Shutting down and abandoning module Paper2D (79)
[2016.05.24-04.50.45:596][735]LogModuleManager: Shutting down and abandoning module WindowsMoviePlayer (78)
[2016.05.24-04.50.45:599][735]LogModuleManager: Shutting down and abandoning module Media (77)
[2016.05.24-04.50.45:599][735]LogModuleManager: Shutting down and abandoning module WmfMedia (76)
[2016.05.24-04.50.45:599][735]LogModuleManager: Shutting down and abandoning module OnlineBlueprintSupport (75)
[2016.05.24-04.50.45:599][735]LogModuleManager: Shutting down and abandoning module PropertyEditor (74)
[2016.05.24-04.50.45:599][735]LogModuleManager: Shutting down and abandoning module BehaviorTreeEditor (73)
[2016.05.24-04.50.45:599][735]LogModuleManager: Shutting down and abandoning module FunctionalTesting (72)
[2016.05.24-04.50.45:599][735]LogModuleManager: Shutting down and abandoning module CollisionAnalyzer (71)
[2016.05.24-04.50.45:599][735]LogModuleManager: Shutting down and abandoning module WorkspaceMenuStructure (70)
[2016.05.24-04.50.45:599][735]LogModuleManager: Shutting down and abandoning module MessageLog (69)
[2016.05.24-04.50.45:599][735]LogModuleManager: Shutting down and abandoning module Sequencer (68)
[2016.05.24-04.50.45:599][735]LogModuleManager: Shutting down and abandoning module AssetTools (67)
[2016.05.24-04.50.45:599][735]LogModuleManager: Shutting down and abandoning module UMGEditor (66)
[2016.05.24-04.50.45:599][735]LogModuleManager: Shutting down and abandoning module UMG (65)
[2016.05.24-04.50.45:599][735]LogModuleManager: Shutting down and abandoning module Slate (64)
[2016.05.24-04.50.45:599][735]LogModuleManager: Shutting down and abandoning module EditorStyle (63)
[2016.05.24-04.50.45:603][735]LogModuleManager: Shutting down and abandoning module SessionServices (62)
[2016.05.24-04.50.45:603][735]LogModuleManager: Shutting down and abandoning module SourceCodeAccess (61)
[2016.05.24-04.50.45:603][735]LogModuleManager: Shutting down and abandoning module HeadMountedDisplay (60)
[2016.05.24-04.50.45:603][735]LogModuleManager: Shutting down and abandoning module XAudio2 (59)
[2016.05.24-04.50.45:603][735]LogModuleManager: Shutting down and abandoning module Networking (57)
[2016.05.24-04.50.45:603][735]LogModuleManager: Shutting down and abandoning module Core (56)
[2016.05.24-04.50.45:603][735]LogModuleManager: Shutting down and abandoning module KismetCompiler (55)
[2016.05.24-04.50.45:603][735]LogModuleManager: Shutting down and abandoning module PhysXFormats (54)
[2016.05.24-04.50.45:603][735]LogModuleManager: Shutting down and abandoning module MeshUtilities (53)
[2016.05.24-04.50.45:603][735]LogModuleManager: Shutting down and abandoning module DerivedDataCache (52)
[2016.05.24-04.50.45:704][735]LogDerivedDataCache: Shutdown
[2016.05.24-04.50.45:704][735]LogModuleManager: Shutting down and abandoning module ShaderFormatOpenGL (51)
[2016.05.24-04.50.45:704][735]LogModuleManager: Shutting down and abandoning module ShaderFormatD3D (50)
[2016.05.24-04.50.45:704][735]LogModuleManager: Shutting down and abandoning module MetalShaderFormat (49)
[2016.05.24-04.50.45:704][735]LogModuleManager: Shutting down and abandoning module TextureFormatUncompressed (48)
[2016.05.24-04.50.45:704][735]LogModuleManager: Shutting down and abandoning module TextureFormatPVR (47)
[2016.05.24-04.50.45:704][735]LogModuleManager: Shutting down and abandoning module TextureFormatIntelISPCTexComp (46)
[2016.05.24-04.50.45:704][735]LogModuleManager: Shutting down and abandoning module TextureFormatDXT (45)
[2016.05.24-04.50.45:704][735]LogModuleManager: Shutting down and abandoning module ImageWrapper (44)
[2016.05.24-04.50.45:704][735]LogModuleManager: Shutting down and abandoning module TextureFormatASTC (43)
[2016.05.24-04.50.45:704][735]LogModuleManager: Shutting down and abandoning module TextureFormatAndroid (42)
[2016.05.24-04.50.45:704][735]LogModuleManager: Shutting down and abandoning module AudioFormatOpus (41)
[2016.05.24-04.50.45:704][735]LogModuleManager: Shutting down and abandoning module AudioFormatOgg (40)
[2016.05.24-04.50.45:704][735]LogModuleManager: Shutting down and abandoning module AudioFormatADPCM (39)
[2016.05.24-04.50.45:704][735]LogModuleManager: Shutting down and abandoning module LinuxTargetPlatform (38)
[2016.05.24-04.50.45:704][735]LogModuleManager: Shutting down and abandoning module LinuxServerTargetPlatform (37)
[2016.05.24-04.50.45:704][735]LogModuleManager: Shutting down and abandoning module LinuxNoEditorTargetPlatform (36)
[2016.05.24-04.50.45:704][735]LogModuleManager: Shutting down and abandoning module Messaging (35)
[2016.05.24-04.50.45:704][735]LogModuleManager: Shutting down and abandoning module IOSTargetPlatform (34)
[2016.05.24-04.50.45:704][735]LogModuleManager: Shutting down and abandoning module HTML5TargetPlatform (33)
[2016.05.24-04.50.45:704][735]LogModuleManager: Shutting down and abandoning module Android_PVRTCTargetPlatform (32)
[2016.05.24-04.50.45:704][735]LogModuleManager: Shutting down and abandoning module Android_ETC2TargetPlatform (31)
[2016.05.24-04.50.45:704][735]LogModuleManager: Shutting down and abandoning module Android_ETC1TargetPlatform (30)
[2016.05.24-04.50.45:704][735]LogModuleManager: Shutting down and abandoning module Android_DXTTargetPlatform (29)
[2016.05.24-04.50.45:704][735]LogModuleManager: Shutting down and abandoning module Android_ATCTargetPlatform (28)
[2016.05.24-04.50.45:705][735]LogModuleManager: Shutting down and abandoning module Android_ASTCTargetPlatform (27)
[2016.05.24-04.50.45:705][735]LogModuleManager: Shutting down and abandoning module AndroidTargetPlatform (26)
[2016.05.24-04.50.45:705][735]LogModuleManager: Shutting down and abandoning module WindowsTargetPlatform (25)
[2016.05.24-04.50.45:705][735]LogModuleManager: Shutting down and abandoning module WindowsServerTargetPlatform (24)
[2016.05.24-04.50.45:705][735]LogModuleManager: Shutting down and abandoning module WindowsNoEditorTargetPlatform (23)
[2016.05.24-04.50.45:705][735]LogModuleManager: Shutting down and abandoning module WindowsClientTargetPlatform (22)
[2016.05.24-04.50.45:705][735]LogModuleManager: Shutting down and abandoning module DesktopTargetPlatform (21)
[2016.05.24-04.50.45:705][735]LogModuleManager: Shutting down and abandoning module TargetPlatform (20)
[2016.05.24-04.50.45:705][735]LogModuleManager: Shutting down and abandoning module InputCore (19)
[2016.05.24-04.50.45:705][735]LogModuleManager: Shutting down and abandoning module Settings (18)
[2016.05.24-04.50.45:705][735]LogModuleManager: Shutting down and abandoning module OnlineSubsystem (16)
[2016.05.24-04.50.45:705][735]LogModuleManager: Shutting down and abandoning module HTTP (15)
[2016.05.24-04.50.45:705][735]LogModuleManager: Shutting down and abandoning module ExampleDeviceProfileSelector (14)
[2016.05.24-04.50.45:705][735]LogModuleManager: Shutting down and abandoning module TextureCompressor (13)
[2016.05.24-04.50.45:705][735]LogModuleManager: Shutting down and abandoning module ShaderCore (12)
[2016.05.24-04.50.45:705][735]LogModuleManager: Shutting down and abandoning module Landscape (11)
[2016.05.24-04.50.45:705][735]LogModuleManager: Shutting down and abandoning module SlateRHIRenderer (10)
[2016.05.24-04.50.45:707][735]LogModuleManager: Shutting down and abandoning module OpenGLDrv (9)
[2016.05.24-04.50.45:707][735]LogModuleManager: Shutting down and abandoning module D3D11RHI (8)
[2016.05.24-04.50.45:707][735]LogModuleManager: Shutting down and abandoning module Renderer (7)
[2016.05.24-04.50.45:707][735]LogModuleManager: Shutting down and abandoning module Engine (6)
[2016.05.24-04.50.45:707][735]LogModuleManager: Shutting down and abandoning module CoreUObject (5)
[2016.05.24-04.50.45:707][735]LogModuleManager: Shutting down and abandoning module NetworkFile (4)
[2016.05.24-04.50.45:707][735]LogModuleManager: Shutting down and abandoning module StreamingFile (3)
[2016.05.24-04.50.45:707][735]LogModuleManager: Shutting down and abandoning module SandboxFile (2)
[2016.05.24-04.50.45:707][735]LogModuleManager: Shutting down and abandoning module PakFile (1)
[2016.05.24-04.50.45:707][735]LogExit: Exiting.
[2016.05.24-04.50.45:723][735]Log file closed, 05/23/16 23:50:45
