[2015.09.08-02.51.48:601][  0]Log file open, 09/07/15 21:51:48
[2015.09.08-02.51.48:601][  0]LogInit:Display: Running engine for game: MyThirdPersonGame
[2015.09.08-02.51.48:601][  0]LogInit:Display: RandInit(-1020524833) SRandInit(-1020524832).
[2015.09.08-02.51.48:601][  0]LogTaskGraph: Started task graph with 4 named threads and 7 total threads.
[2015.09.08-02.51.48:601][  0]LogStats: Stats thread started
[2015.09.08-02.51.48:601][  0]LogInit: Version: 4.8.3-2634408+++depot+UE4-Releases+4.8
[2015.09.08-02.51.48:601][  0]LogInit: API Version: 2579680
[2015.09.08-02.51.48:601][  0]LogInit: Compiled (64-bit): Jul 27 2015 16:24:33
[2015.09.08-02.51.48:601][  0]LogInit: Compiled with Visual C++: 18.00.21005.01
[2015.09.08-02.51.48:601][  0]LogInit: Build Configuration: Development
[2015.09.08-02.51.48:601][  0]LogInit: Branch Name: ++depot+UE4-Releases+4.8
[2015.09.08-02.51.48:601][  0]LogInit: Command line:  /Temp/Autosaves/Game/StarterContent/Maps/UEDPCMinimal_Default -game -PIEVIACONSOLE -ResX=1280 -ResY=720  -Multiprocess -featureleveles2 -faketouches 
[2015.09.08-02.51.48:601][  0]LogInit: Base directory: C:/Program Files/Epic Games/4.8/Engine/Binaries/Win64/
[2015.09.08-02.51.48:601][  0]LogInit: Rocket: 1
[2015.09.08-02.51.48:615][  0]LogInit: Using libcurl 7.41.0
[2015.09.08-02.51.48:615][  0]LogInit:  - built for x86_64-pc-win32
[2015.09.08-02.51.48:615][  0]LogInit:  - supports SSL with WinSSL
[2015.09.08-02.51.48:615][  0]LogInit:  - other features:
[2015.09.08-02.51.48:615][  0]LogInit:      CURL_VERSION_SSL
[2015.09.08-02.51.48:615][  0]LogInit:      CURL_VERSION_IPV6
[2015.09.08-02.51.48:615][  0]LogInit:      CURL_VERSION_ASYNCHDNS
[2015.09.08-02.51.48:615][  0]LogInit:      CURL_VERSION_LARGEFILE
[2015.09.08-02.51.48:615][  0]LogInit:      CURL_VERSION_IDN
[2015.09.08-02.51.48:615][  0]LogInit:  CurlRequestOptions (configurable via config and command line):
[2015.09.08-02.51.48:615][  0]LogInit:  - bVerifyPeer = true  - Libcurl will verify peer certificate
[2015.09.08-02.51.48:615][  0]LogInit:  - bUseHttpProxy = false  - Libcurl will NOT use HTTP proxy
[2015.09.08-02.51.48:615][  0]LogInit:  - bDontReuseConnections = false  - Libcurl will reuse connections
[2015.09.08-02.51.48:615][  0]LogInit:  - CertBundlePath = nullptr  - Libcurl will use whatever was configured at build time.
[2015.09.08-02.51.48:627][  0]LogOnline:Warning: No default platform service specified for OnlineSubsystem
[2015.09.08-02.51.48:641][  0]LogInit: Presizing for 0 objects not considered by GC, pre-allocating 0 bytes.
[2015.09.08-02.51.48:646][  0]LogInit: Object subsystem initialized
[2015.09.08-02.51.48:647][  0]LogConsoleResponse:Warning: Skipping Unknown console variable: 'TranslucentSortAxis = (X=0.000000,Y=-1.000000,Z=0.000000)'
[2015.09.08-02.51.48:647][  0]LogConsoleResponse:Warning:   Found in ini file 'E:/Coding/Unreal Projects/MyThirdPersonGame/Saved/Config/Windows/Engine.ini', in section '[/Script/Engine.RendererSettings]'
[2015.09.08-02.51.48:647][  0]LogConsoleResponse:Warning: Skipping Unknown console variable: 'UIScaleRule = ShortestSide'
[2015.09.08-02.51.48:647][  0]LogConsoleResponse:Warning:   Found in ini file 'E:/Coding/Unreal Projects/MyThirdPersonGame/Saved/Config/Windows/Engine.ini', in section '[/Script/Engine.RendererSettings]'
[2015.09.08-02.51.48:647][  0]LogConsoleResponse:Warning: Skipping Unknown console variable: 'UIScaleCurve = (EditorCurveData=(Keys=),ExternalCurve=None)'
[2015.09.08-02.51.48:647][  0]LogConsoleResponse:Warning:   Found in ini file 'E:/Coding/Unreal Projects/MyThirdPersonGame/Saved/Config/Windows/Engine.ini', in section '[/Script/Engine.RendererSettings]'
[2015.09.08-02.51.48:648][  0]LogInit: Selected Device Profile: [Windows]
[2015.09.08-02.51.48:648][  0]LogInit: Applying CVar settings loaded from the selected device profile: [Windows]
[2015.09.08-02.51.48:649][  0]LogInit: Computer: DESKTOP-E4R27R1
[2015.09.08-02.51.48:649][  0]LogInit: User: vinti
[2015.09.08-02.51.48:649][  0]LogInit: CPU Page size=4096, Cores=4
[2015.09.08-02.51.48:649][  0]LogInit: High frequency timer resolution =3.906243 MHz
[2015.09.08-02.51.48:649][  0]LogMemory: Memory total: Physical=15.9GB (16GB approx)
[2015.09.08-02.51.48:649][  0]LogMemory: Platform Memory Stats for Windows
[2015.09.08-02.51.48:649][  0]LogMemory: Process Physical Memory: 50.90 MB used, 50.90 MB peak
[2015.09.08-02.51.48:649][  0]LogMemory: Process Virtual Memory: 22.53 MB used, 22.53 MB peak
[2015.09.08-02.51.48:649][  0]LogMemory: Physical Memory: 4262.68 MB used, 16332.49 MB total
[2015.09.08-02.51.48:649][  0]LogMemory: Virtual Memory: 311.14 MB used, 134217728.00 MB total
[2015.09.08-02.51.48:692][  0]LogTextLocalizationManager: The requested culture ('en_US') has no localization data; parent culture's ('en') localization data will be used.
[2015.09.08-02.51.48:857][  0]LogTextLocalizationManager:Warning: Loaded localization resources contain conflicting entries for (Namespace:ContentBrowser, Key:ImportAssetToolTip):
Localization Resource: (C:/Program Files/Epic Games/4.8/Engine/Content/Localization/Editor/en/Editor.locres) Source String Hash: (-630476809) Localized String: (Import to {0}...)
Localization Resource: (C:/Program Files/Epic Games/4.8/Engine/Content/Localization/Editor/en/Editor.locres) Source String Hash: (1271782899) Localized String: (Imports an asset from file to this folder.)
[2015.09.08-02.51.49:145][  0]LogD3D11RHI: Found D3D11 adapter 0: NVIDIA GeForce GTX 970 (Feature Level 11_0)
[2015.09.08-02.51.49:145][  0]LogD3D11RHI: Adapter has 4008MB of dedicated video memory, 0MB of dedicated system memory, and 8166MB of shared system memory, 1 output[s]
[2015.09.08-02.51.49:146][  0]LogD3D11RHI: Found D3D11 adapter 1: Microsoft Basic Render Driver (Feature Level 11_0)
[2015.09.08-02.51.49:146][  0]LogD3D11RHI: Adapter has 0MB of dedicated video memory, 0MB of dedicated system memory, and 8166MB of shared system memory, 0 output[s]
[2015.09.08-02.51.49:146][  0]LogD3D11RHI: Chosen D3D11 Adapter Id = 0
[2015.09.08-02.51.49:149][  0]LogD3D11RHI: InitD3DDevice
[2015.09.08-02.51.49:149][  0]LogD3D11RHI: !Direct3DDevice
[2015.09.08-02.51.49:150][  0]LogRHI: Texture pool is 1361 MB (70% of 1945 MB)
[2015.09.08-02.51.49:160][  0]LogD3D11RHI: Async texture creation enabled
[2015.09.08-02.51.49:174][  0]LogShaderCompilers:Display: Using Local Shader Compiler.
[2015.09.08-02.51.49:676][  0]LogTemp:Display: Loaded TP DesktopTargetPlatform
[2015.09.08-02.51.49:689][  0]LogTemp:Display: Loaded TP WindowsClientTargetPlatform
[2015.09.08-02.51.49:701][  0]LogTemp:Display: Loaded TP WindowsNoEditorTargetPlatform
[2015.09.08-02.51.49:713][  0]LogTemp:Display: Loaded TP WindowsServerTargetPlatform
[2015.09.08-02.51.49:726][  0]LogTemp:Display: Loaded TP WindowsTargetPlatform
[2015.09.08-02.51.49:737][  0]LogTemp:Display: Loaded TP AndroidTargetPlatform
[2015.09.08-02.51.49:748][  0]LogTemp:Display: Loaded TP Android_ASTCTargetPlatform
[2015.09.08-02.51.49:758][  0]LogTemp:Display: Loaded TP Android_ATCTargetPlatform
[2015.09.08-02.51.49:770][  0]LogTemp:Display: Loaded TP Android_DXTTargetPlatform
[2015.09.08-02.51.49:782][  0]LogTemp:Display: Loaded TP Android_ETC1TargetPlatform
[2015.09.08-02.51.49:793][  0]LogTemp:Display: Loaded TP Android_ETC2TargetPlatform
[2015.09.08-02.51.49:805][  0]LogTemp:Display: Loaded TP Android_PVRTCTargetPlatform
[2015.09.08-02.51.49:850][  0]LogTemp:Display: Loaded TP IOSTargetPlatform
[2015.09.08-02.51.49:861][  0]LogTemp:Display: Loaded TP LinuxNoEditorTargetPlatform
[2015.09.08-02.51.49:872][  0]LogTemp:Display: Loaded TP LinuxServerTargetPlatform
[2015.09.08-02.51.49:884][  0]LogTemp:Display: Loaded TP LinuxTargetPlatform
[2015.09.08-02.51.49:884][  0]LogTargetPlatformManager:Display: Building Assets For Windows
[2015.09.08-02.51.50:065][  0]LogDerivedDataCache:Display: Max Cache Size: 512 MB
[2015.09.08-02.51.50:106][  0]LogDerivedDataCache: Loaded boot cache 0.04s 53MB C:/Users/vinti/AppData/Local/UnrealEngine/4.8/DerivedDataCache/Boot.ddc.
[2015.09.08-02.51.50:106][  0]LogDerivedDataCache:Display: Loaded Boot cache: C:/Users/vinti/AppData/Local/UnrealEngine/4.8/DerivedDataCache/Boot.ddc
[2015.09.08-02.51.50:106][  0]LogDerivedDataCache: FDerivedDataBackendGraph:  Pak pak cache file E:/Coding/Unreal Projects/MyThirdPersonGame/DerivedDataCache/DDC.ddp not found, will not use a pak cache.
[2015.09.08-02.51.50:106][  0]LogDerivedDataCache: Unable to find inner node Pak for hierarchical cache Hierarchy.
[2015.09.08-02.51.50:106][  0]LogDerivedDataCache: FDerivedDataBackendGraph:  CompressedPak pak cache file E:/Coding/Unreal Projects/MyThirdPersonGame/DerivedDataCache/Compressed.ddp not found, will not use a pak cache.
[2015.09.08-02.51.50:106][  0]LogDerivedDataCache: Unable to find inner node CompressedPak for hierarchical cache Hierarchy.
[2015.09.08-02.51.50:216][  0]LogDerivedDataCache:Display: Pak cache opened for reading ../../../Engine/DerivedDataCache/Compressed.ddp.
[2015.09.08-02.51.50:228][  0]LogDerivedDataCache: Using Local data cache path C:/Users/vinti/AppData/Local/UnrealEngine/Common/DerivedDataCache: Writable
[2015.09.08-02.51.50:369][  0]LogInit: Selected Device Profile: [Windows]
[2015.09.08-02.51.50:410][  0]ImportText (ComponentSweepMultiTests): Missing closing parenthesis: (RootShapeAsset="/Engine/BasicShapes/Cube.Cube",ShapeType="TriggerCapsule",HitResult=(Time=0.50,Location=(X=-100.000015,Y=0.0,Z=100.000015),ImpactPoint=(X=-50.0,Y=0.0,Z=50.0),Normal=(X=-1.0,Y=-0.0,Z=0.0),ImpactNormal=(X=0.0,Y=0.0,Z=1.0),TraceStart=(X=-200.0,Y=0.0,Z=200.0),TraceEnd=(X=0.0,Y=0.0,Z=0.0))
[2015.09.08-02.51.50:410][  0]ImportText (LineTraceSingleByChannelTests): Missing closing parenthesis: (RootShapeAsset="/Engine/BasicShapes/Cube.Cube",HitResult=(Time=0.50,Location=(X=-100.000015,Y=0.0,Z=100.000015),ImpactPoint=(X=-50.0,Y=0.0,Z=50.0),Normal=(X=-1.0,Y=-0.0,Z=0.0),ImpactNormal=(X=0.0,Y=0.0,Z=1.0),TraceStart=(X=-200.0,Y=0.0,Z=200.0),TraceEnd=(X=0.0,Y=0.0,Z=0.0))
[2015.09.08-02.51.50:435][  0]LogMeshUtilities: No automatic mesh reduction module available
[2015.09.08-02.51.50:435][  0]LogMeshUtilities: No automatic mesh merging module available
[2015.09.08-02.51.50:644][  0]LogInit: WinSock: version 1.1 (2.2), MaxSocks=32767, MaxUdp=65467
[2015.09.08-02.51.50:986][  0]LogD3D11RHI: InitD3DDevice
[2015.09.08-02.51.50:992][  0]LogWindowsMoviePlayer: Unable to load movie: E:/Coding/Unreal Projects/MyThirdPersonGame/Content/Movies/Default_Startup.mp4
[2015.09.08-02.51.51:105][  0]SourceControl: Info Source control is disabled
[2015.09.08-02.51.51:105][  0]SourceControl: Info Source control is disabled
[2015.09.08-02.51.51:115][  0]SourceControl: Info Source control is disabled
[2015.09.08-02.51.51:267][  0]LogObj: 25781 objects as part of root set at end of initial load.
[2015.09.08-02.51.51:267][  0]LogUObjectAllocator: 5195968 out of 0 bytes used by permanent object pool.
[2015.09.08-02.51.51:325][  0]LogAutomationTest:Warning: ERR: Transient text cannot be serialized "Testing Transient serialization detection".
[2015.09.08-02.51.51:325][  0]LogEngine: Initializing Engine...
[2015.09.08-02.51.51:327][  0]LogHMD: Can't find Oculus library dev build: is proper Runtime installed? Version: 0.6.0.0
[2015.09.08-02.51.51:327][  0]LogHMD:Warning: SteamVR failed to initialize.  Error: 110
[2015.09.08-02.51.51:351][  0]LogMaterial: Missing cached shader map for material MAT_LevelColorationLitLightmapUV, compiling. Is special engine material.
[2015.09.08-02.51.51:351][  0]LogMaterial:Warning: Failed to compile Material /Engine/EngineDebugMaterials/MAT_LevelColorationLitLightmapUV.MAT_LevelColorationLitLightmapUV for platform PCD3D_ES2, Default Material will be used in game.
[2015.09.08-02.51.51:351][  0]LogMaterial:Warning: 	(Node LightmapUVs) Node not supported in feature level ES2
[2015.09.08-02.51.51:389][  0]LogInit: XAudio2 using 'Headphones (USB Audio Device)' : 2 channels at 48 kHz using 16 bits per sample (channel mask 0x3)
[2015.09.08-02.51.51:394][  0]LogInit: FAudioDevice initialized.
[2015.09.08-02.51.51:398][  0]LogInit: Texture streaming: Disabled
[2015.09.08-02.51.51:446][  0]LogNet: Browse: /Temp/Autosaves/Game/S